<?xml version="1.0" encoding="UTF-8"?>
<testsuite xmlns:xsi="http://www.w3.org/2001/XMLSchema-instance" xsi:noNamespaceSchemaLocation="https://maven.apache.org/surefire/maven-surefire-plugin/xsd/surefire-test-report-3.0.xsd" version="3.0" name="com.authentication.auth.AuthenticationServiceApplicationTests" time="4.123" tests="1" errors="0" skipped="0" failures="0">
  <properties>
[...]
</properties>
  <testcase name="contextLoads" classname="com.authentication.auth.AuthenticationServiceApplicationTests" time="0.782">
    <system-out><![CDATA[19:19:48.228 [main] INFO org.springframework.test.context.support.AnnotationConfigContextLoaderUtils -- Could not detect default configuration classes for test class [com.authentication.auth.AuthenticationServiceApplicationTests]: AuthenticationServiceApplicationTests does not declare any static, non-private, non-final, nested classes annotated with @Configuration.
19:19:48.334 [main] INFO org.springframework.boot.test.context.SpringBootTestContextBootstrapper -- Found @SpringBootConfiguration com.authentication.auth.AuthenticationServiceApplication for test class com.authentication.auth.AuthenticationServiceApplicationTests

  .   ____          _            __ _ _
 /\\ / ___'_ __ _ _(_)_ __  __ _ \ \ \ \
( ( )\___ | '_ | '_| | '_ \/ _` | \ \ \ \
 \\/  ___)| |_)| | | | | || (_| |  ) ) ) )
  '  |____| .__|_| |_|_| |_\__, | / / / /
 =========|_|==============|___/=/_/_/_/

 :: Spring Boot ::                (v3.3.2)

2024-09-27T19:19:48.727+05:30  INFO 19468 --- [Authentication-Service] [           main] .a.AuthenticationServiceApplicationTests : Starting AuthenticationServiceApplicationTests using Java 21.0.1 with PID 19468 (started by shaur in E:\spring\Authentication-Service\Authentication-Service)
2024-09-27T19:19:48.728+05:30  INFO 19468 --- [Authentication-Service] [           main] .a.AuthenticationServiceApplicationTests : No active profile set, falling back to 1 default profile: "default"
2024-09-27T19:19:51.375+05:30  INFO 19468 --- [Authentication-Service] [           main] .a.AuthenticationServiceApplicationTests : Started AuthenticationServiceApplicationTests in 2.885 seconds (process running for 3.804)
]]></system-out>
    <system-err><![CDATA[WARNING: A Java agent has been loaded dynamically (C:\Users\shaur\.m2\repository\net\bytebuddy\byte-buddy-agent\1.14.18\byte-buddy-agent-1.14.18.jar)
WARNING: If a serviceability tool is in use, please run with -XX:+EnableDynamicAgentLoading to hide this warning
WARNING: If a serviceability tool is not in use, please run with -Djdk.instrument.traceUsage for more information
WARNING: Dynamic loading of agents will be disallowed by default in a future release
]]></system-err>
  </testcase>
</testsuite>